This file contains any messages produced by compilers while
running configure, to aid debugging if configure makes a mistake.

It was created by Wormux configure 0.7beta3, which was
generated by GNU Autoconf 2.59.  Invocation command line was

  $ ./configure --host=i486-linux-gnu --build=i486-linux-gnu --prefix=/usr --mandir=${prefix}/share/man --infodir=${prefix}/share/info --enable-datadir-name=${prefix}/share/games/wormux --enable-localedir=${prefix}/share/locale

## --------- ##
## Platform. ##
## --------- ##

hostname = paralapoz.irisa.fr
uname -m = i686
uname -r = 2.6.15-13-686
uname -s = Linux
uname -v = #1 SMP PREEMPT Thu Jan 19 17:12:14 UTC 2006

/usr/bin/uname -p = unknown
/bin/uname -X     = unknown

/bin/arch              = i686
/usr/bin/arch -k       = unknown
/usr/convex/getsysinfo = unknown
hostinfo               = unknown
/bin/machine           = unknown
/usr/bin/oslevel       = unknown
/bin/universe          = unknown

PATH: /usr/local/sbin
PATH: /usr/local/bin
PATH: /usr/sbin
PATH: /usr/bin
PATH: /sbin
PATH: /bin
PATH: /usr/bin/X11
PATH: /usr/games


## ----------- ##
## Core tests. ##
## ----------- ##

configure:1383: checking build system type
configure:1401: result: i486-pc-linux-gnu
configure:1409: checking host system type
configure:1423: result: i486-pc-linux-gnu
configure:1431: checking target system type
configure:1445: result: i486-pc-linux-gnu
configure:1475: checking for a BSD-compatible install
configure:1530: result: /usr/bin/install -c
configure:1541: checking whether build environment is sane
configure:1584: result: yes
configure:1649: checking for gawk
configure:1665: found /usr/bin/gawk
configure:1675: result: gawk
configure:1685: checking whether make sets $(MAKE)
configure:1705: result: yes
configure:1874: checking whether to enable maintainer-specific portions of Makefiles
configure:1883: result: no
configure:1913: checking whether NLS is requested
configure:1922: result: yes
configure:1960: checking for msgfmt
configure: trying /usr/bin/msgfmt...
configure:1992: result: /usr/bin/msgfmt
configure:2001: checking for gmsgfmt
configure:2032: result: /usr/bin/msgfmt
configure:2071: checking for xgettext
configure: trying /usr/bin/xgettext...
configure:2103: result: /usr/bin/xgettext
configure:2143: checking for msgmerge
configure: trying /usr/bin/msgmerge...
configure:2174: result: /usr/bin/msgmerge
configure:2237: checking for style of include used by make
configure:2265: result: GNU
configure:2298: checking for i486-linux-gnu-gcc
configure:2314: found /usr/bin/i486-linux-gnu-gcc
configure:2324: result: i486-linux-gnu-gcc
configure:2606: checking for C compiler version
configure:2609: i486-linux-gnu-gcc --version </dev/null >&5
i486-linux-gnu-gcc (GCC) 4.0.3 20060115 (prerelease) (Ubuntu 4.0.2-7ubuntu1)
Copyright (C) 2005 Free Software Foundation, Inc.
This is free software; see the source for copying conditions.  There is NO
warranty; not even for MERCHANTABILITY or FITNESS FOR A PARTICULAR PURPOSE.

configure:2612: $? = 0
configure:2614: i486-linux-gnu-gcc -v </dev/null >&5
Using built-in specs.
Target: i486-linux-gnu
Configured with: ../src/configure -v --enable-languages=c,c++,java,f95,objc,ada,treelang --prefix=/usr --enable-shared --with-system-zlib --libexecdir=/usr/lib --without-included-gettext --enable-threads=posix --enable-nls --program-suffix=-4.0 --enable-__cxa_atexit --enable-clocale=gnu --enable-libstdcxx-debug --enable-java-awt=gtk-default --enable-gtk-cairo --with-java-home=/usr/lib/jvm/java-1.4.2-gcj-4.0-1.4.2.0/jre --enable-mpfr --disable-werror --with-tune=pentium4 --enable-checking=release i486-linux-gnu
Thread model: posix
gcc version 4.0.3 20060115 (prerelease) (Ubuntu 4.0.2-7ubuntu1)
configure:2617: $? = 0
configure:2619: i486-linux-gnu-gcc -V </dev/null >&5
i486-linux-gnu-gcc: '-V' option must have argument
configure:2622: $? = 1
configure:2645: checking for C compiler default output file name
configure:2648: i486-linux-gnu-gcc -Wall -g -O2   conftest.c  >&5
configure:2651: $? = 0
configure:2697: result: a.out
configure:2702: checking whether the C compiler works
configure:2708: ./a.out
configure:2711: $? = 0
configure:2728: result: yes
configure:2735: checking whether we are cross compiling
configure:2737: result: no
configure:2740: checking for suffix of executables
configure:2742: i486-linux-gnu-gcc -o conftest -Wall -g -O2   conftest.c  >&5
configure:2745: $? = 0
configure:2770: result: 
configure:2776: checking for suffix of object files
configure:2797: i486-linux-gnu-gcc -c -Wall -g -O2  conftest.c >&5
configure:2800: $? = 0
configure:2822: result: o
configure:2826: checking whether we are using the GNU C compiler
configure:2850: i486-linux-gnu-gcc -c -Wall -g -O2  conftest.c >&5
configure:2856: $? = 0
configure:2859: test -z 			 || test ! -s conftest.err
configure:2862: $? = 0
configure:2865: test -s conftest.o
configure:2868: $? = 0
configure:2881: result: yes
configure:2887: checking whether i486-linux-gnu-gcc accepts -g
configure:2908: i486-linux-gnu-gcc -c -g  conftest.c >&5
configure:2914: $? = 0
configure:2917: test -z 			 || test ! -s conftest.err
configure:2920: $? = 0
configure:2923: test -s conftest.o
configure:2926: $? = 0
configure:2937: result: yes
configure:2954: checking for i486-linux-gnu-gcc option to accept ANSI C
configure:3024: i486-linux-gnu-gcc  -c -Wall -g -O2  conftest.c >&5
configure:3030: $? = 0
configure:3033: test -z 			 || test ! -s conftest.err
configure:3036: $? = 0
configure:3039: test -s conftest.o
configure:3042: $? = 0
configure:3060: result: none needed
configure:3078: i486-linux-gnu-gcc -c -Wall -g -O2  conftest.c >&5
conftest.c:2: error: syntax error before 'me'
configure:3084: $? = 1
configure: failed program was:
| #ifndef __cplusplus
|   choke me
| #endif
configure:3216: checking dependency style of i486-linux-gnu-gcc
configure:3306: result: gcc3
configure:3347: checking for ld used by GCC
configure:3411: result: /usr/bin/ld
configure:3420: checking if the linker (/usr/bin/ld) is GNU ld
configure:3433: result: yes
configure:3440: checking for shared library run path origin
configure:3453: result: done
configure:3870: checking for CFPreferencesCopyAppValue
configure:3895: i486-linux-gnu-gcc -o conftest -Wall -g -O2  -I/System/Library/Frameworks/CoreFoundation.framework/Headers  conftest.c  -framework CoreFoundation >&5
i486-linux-gnu-gcc: CoreFoundation: No such file or directory
cc1: error: unrecognized command line option "-framework"
configure:3901: $? = 1
configure: failed program was:
| /* confdefs.h.  */
| 
| #define PACKAGE_NAME "Wormux"
| #define PACKAGE_TARNAME "wormux"
| #define PACKAGE_VERSION "0.7beta3"
| #define PACKAGE_STRING "Wormux 0.7beta3"
| #define PACKAGE_BUGREPORT "wormux-dev@gna.org"
| #define PACKAGE "wormux"
| #define VERSION "0.7beta3"
| /* end confdefs.h.  */
| #include <CFPreferences.h>
| int
| main ()
| {
| CFPreferencesCopyAppValue(NULL, NULL)
|   ;
|   return 0;
| }
configure:3927: result: no
configure:3936: checking for CFLocaleCopyCurrent
configure:3961: i486-linux-gnu-gcc -o conftest -Wall -g -O2  -I/System/Library/Frameworks/CoreFoundation.framework/Headers  conftest.c  -framework CoreFoundation >&5
i486-linux-gnu-gcc: CoreFoundation: No such file or directory
cc1: error: unrecognized command line option "-framework"
configure:3967: $? = 1
configure: failed program was:
| /* confdefs.h.  */
| 
| #define PACKAGE_NAME "Wormux"
| #define PACKAGE_TARNAME "wormux"
| #define PACKAGE_VERSION "0.7beta3"
| #define PACKAGE_STRING "Wormux 0.7beta3"
| #define PACKAGE_BUGREPORT "wormux-dev@gna.org"
| #define PACKAGE "wormux"
| #define VERSION "0.7beta3"
| /* end confdefs.h.  */
| #include <CFLocale.h>
| int
| main ()
| {
| CFLocaleCopyCurrent();
|   ;
|   return 0;
| }
configure:3993: result: no
configure:4010: checking whether NLS is requested
configure:4019: result: yes
configure:4037: checking for GNU gettext in libc
configure:4061: i486-linux-gnu-gcc -o conftest -Wall -g -O2   conftest.c  >&5
configure:4067: $? = 0
configure:4070: test -z 			 || test ! -s conftest.err
configure:4073: $? = 0
configure:4076: test -s conftest
configure:4079: $? = 0
configure:4091: result: yes
configure:4794: checking whether to use NLS
configure:4796: result: yes
configure:4799: checking where the gettext function comes from
configure:4810: result: libc
configure:4874: checking whether make sets $(MAKE)
configure:4894: result: yes
configure:4911: checking for i486-linux-gnu-gcc
configure:4937: result: i486-linux-gnu-gcc
configure:5219: checking for C compiler version
configure:5222: i486-linux-gnu-gcc --version </dev/null >&5
i486-linux-gnu-gcc (GCC) 4.0.3 20060115 (prerelease) (Ubuntu 4.0.2-7ubuntu1)
Copyright (C) 2005 Free Software Foundation, Inc.
This is free software; see the source for copying conditions.  There is NO
warranty; not even for MERCHANTABILITY or FITNESS FOR A PARTICULAR PURPOSE.

configure:5225: $? = 0
configure:5227: i486-linux-gnu-gcc -v </dev/null >&5
Using built-in specs.
Target: i486-linux-gnu
Configured with: ../src/configure -v --enable-languages=c,c++,java,f95,objc,ada,treelang --prefix=/usr --enable-shared --with-system-zlib --libexecdir=/usr/lib --without-included-gettext --enable-threads=posix --enable-nls --program-suffix=-4.0 --enable-__cxa_atexit --enable-clocale=gnu --enable-libstdcxx-debug --enable-java-awt=gtk-default --enable-gtk-cairo --with-java-home=/usr/lib/jvm/java-1.4.2-gcj-4.0-1.4.2.0/jre --enable-mpfr --disable-werror --with-tune=pentium4 --enable-checking=release i486-linux-gnu
Thread model: posix
gcc version 4.0.3 20060115 (prerelease) (Ubuntu 4.0.2-7ubuntu1)
configure:5230: $? = 0
configure:5232: i486-linux-gnu-gcc -V </dev/null >&5
i486-linux-gnu-gcc: '-V' option must have argument
configure:5235: $? = 1
configure:5238: checking whether we are using the GNU C compiler
configure:5293: result: yes
configure:5299: checking whether i486-linux-gnu-gcc accepts -g
configure:5349: result: yes
configure:5366: checking for i486-linux-gnu-gcc option to accept ANSI C
configure:5472: result: none needed
configure:5490: i486-linux-gnu-gcc -c -Wall -g -O2  conftest.c >&5
conftest.c:2: error: syntax error before 'me'
configure:5496: $? = 1
configure: failed program was:
| #ifndef __cplusplus
|   choke me
| #endif
configure:5628: checking dependency style of i486-linux-gnu-gcc
configure:5718: result: gcc3
configure:5745: checking for i486-linux-gnu-g++
configure:5761: found /usr/bin/i486-linux-gnu-g++
configure:5771: result: i486-linux-gnu-g++
configure:5829: checking for C++ compiler version
configure:5832: i486-linux-gnu-g++ --version </dev/null >&5
i486-linux-gnu-g++ (GCC) 4.0.3 20060115 (prerelease) (Ubuntu 4.0.2-7ubuntu1)
Copyright (C) 2005 Free Software Foundation, Inc.
This is free software; see the source for copying conditions.  There is NO
warranty; not even for MERCHANTABILITY or FITNESS FOR A PARTICULAR PURPOSE.

configure:5835: $? = 0
configure:5837: i486-linux-gnu-g++ -v </dev/null >&5
Using built-in specs.
Target: i486-linux-gnu
Configured with: ../src/configure -v --enable-languages=c,c++,java,f95,objc,ada,treelang --prefix=/usr --enable-shared --with-system-zlib --libexecdir=/usr/lib --without-included-gettext --enable-threads=posix --enable-nls --program-suffix=-4.0 --enable-__cxa_atexit --enable-clocale=gnu --enable-libstdcxx-debug --enable-java-awt=gtk-default --enable-gtk-cairo --with-java-home=/usr/lib/jvm/java-1.4.2-gcj-4.0-1.4.2.0/jre --enable-mpfr --disable-werror --with-tune=pentium4 --enable-checking=release i486-linux-gnu
Thread model: posix
gcc version 4.0.3 20060115 (prerelease) (Ubuntu 4.0.2-7ubuntu1)
configure:5840: $? = 0
configure:5842: i486-linux-gnu-g++ -V </dev/null >&5
i486-linux-gnu-g++: '-V' option must have argument
configure:5845: $? = 1
configure:5848: checking whether we are using the GNU C++ compiler
configure:5872: i486-linux-gnu-g++ -c   conftest.cc >&5
configure:5878: $? = 0
configure:5881: test -z 			 || test ! -s conftest.err
configure:5884: $? = 0
configure:5887: test -s conftest.o
configure:5890: $? = 0
configure:5903: result: yes
configure:5909: checking whether i486-linux-gnu-g++ accepts -g
configure:5930: i486-linux-gnu-g++ -c -g  conftest.cc >&5
configure:5936: $? = 0
configure:5939: test -z 			 || test ! -s conftest.err
configure:5942: $? = 0
configure:5945: test -s conftest.o
configure:5948: $? = 0
configure:5959: result: yes
configure:6001: i486-linux-gnu-g++ -c -g -O2  conftest.cc >&5
configure:6007: $? = 0
configure:6010: test -z 			 || test ! -s conftest.err
configure:6013: $? = 0
configure:6016: test -s conftest.o
configure:6019: $? = 0
configure:6045: i486-linux-gnu-g++ -c -g -O2  conftest.cc >&5
conftest.cc: In function 'int main()':
conftest.cc:18: error: 'exit' was not declared in this scope
configure:6051: $? = 1
configure: failed program was:
| /* confdefs.h.  */
| 
| #define PACKAGE_NAME "Wormux"
| #define PACKAGE_TARNAME "wormux"
| #define PACKAGE_VERSION "0.7beta3"
| #define PACKAGE_STRING "Wormux 0.7beta3"
| #define PACKAGE_BUGREPORT "wormux-dev@gna.org"
| #define PACKAGE "wormux"
| #define VERSION "0.7beta3"
| #define ENABLE_NLS 1
| #define HAVE_GETTEXT 1
| #define HAVE_DCGETTEXT 1
| /* end confdefs.h.  */
| 
| int
| main ()
| {
| exit (42);
|   ;
|   return 0;
| }
configure:6001: i486-linux-gnu-g++ -c -g -O2  conftest.cc >&5
configure:6007: $? = 0
configure:6010: test -z 			 || test ! -s conftest.err
configure:6013: $? = 0
configure:6016: test -s conftest.o
configure:6019: $? = 0
configure:6045: i486-linux-gnu-g++ -c -g -O2  conftest.cc >&5
configure:6051: $? = 0
configure:6054: test -z 			 || test ! -s conftest.err
configure:6057: $? = 0
configure:6060: test -s conftest.o
configure:6063: $? = 0
configure:6088: checking dependency style of i486-linux-gnu-g++
configure:6178: result: gcc3
configure:6200: checking how to run the C preprocessor
configure:6235: i486-linux-gnu-gcc -E  conftest.c
configure:6241: $? = 0
configure:6273: i486-linux-gnu-gcc -E  conftest.c
conftest.c:17:28: error: ac_nonexistent.h: No such file or directory
configure:6279: $? = 1
configure: failed program was:
| /* confdefs.h.  */
| 
| #define PACKAGE_NAME "Wormux"
| #define PACKAGE_TARNAME "wormux"
| #define PACKAGE_VERSION "0.7beta3"
| #define PACKAGE_STRING "Wormux 0.7beta3"
| #define PACKAGE_BUGREPORT "wormux-dev@gna.org"
| #define PACKAGE "wormux"
| #define VERSION "0.7beta3"
| #define ENABLE_NLS 1
| #define HAVE_GETTEXT 1
| #define HAVE_DCGETTEXT 1
| #ifdef __cplusplus
| extern "C" void std::exit (int) throw (); using std::exit;
| #endif
| /* end confdefs.h.  */
| #include <ac_nonexistent.h>
configure:6318: result: i486-linux-gnu-gcc -E
configure:6342: i486-linux-gnu-gcc -E  conftest.c
configure:6348: $? = 0
configure:6380: i486-linux-gnu-gcc -E  conftest.c
conftest.c:17:28: error: ac_nonexistent.h: No such file or directory
configure:6386: $? = 1
configure: failed program was:
| /* confdefs.h.  */
| 
| #define PACKAGE_NAME "Wormux"
| #define PACKAGE_TARNAME "wormux"
| #define PACKAGE_VERSION "0.7beta3"
| #define PACKAGE_STRING "Wormux 0.7beta3"
| #define PACKAGE_BUGREPORT "wormux-dev@gna.org"
| #define PACKAGE "wormux"
| #define VERSION "0.7beta3"
| #define ENABLE_NLS 1
| #define HAVE_GETTEXT 1
| #define HAVE_DCGETTEXT 1
| #ifdef __cplusplus
| extern "C" void std::exit (int) throw (); using std::exit;
| #endif
| /* end confdefs.h.  */
| #include <ac_nonexistent.h>
configure:6442: checking for a BSD-compatible install
configure:6497: result: /usr/bin/install -c
configure:6511: checking for i486-linux-gnu-g++
configure:6527: found /usr/bin/i486-linux-gnu-g++
configure:6538: result: yes
configure:6552: checking CXXFLAGS for maximum warnings
configure:6585: i486-linux-gnu-gcc -c -Wall -g -O2 -pedantic  -Wall  conftest.c >&5
configure:6591: $? = 0
configure:6594: test -z 			 || test ! -s conftest.err
configure:6597: $? = 0
configure:6600: test -s conftest.o
configure:6603: $? = 0
configure:6622: result: -Wall
configure:6635: : CXXFLAGS="$CXXFLAGS $ac_cv_cflags_warn_all"
configure:6638: $? = 0
configure:6778: checking for sdl-config
configure:6796: found /usr/bin/sdl-config
configure:6809: result: /usr/bin/sdl-config
configure:6817: checking for SDL - version >= 1.2.6
configure:6907: i486-linux-gnu-gcc -o conftest -Wall -g -O2 -I/usr/include/SDL -D_REENTRANT   conftest.c  -L/usr/lib -lSDL -lpthread >&5
configure:6910: $? = 0
configure:6912: ./conftest
configure:6915: $? = 0
configure:6933: result: yes
configure:7037: checking for IMG_Load in -lSDL_image
configure:7067: i486-linux-gnu-gcc -o conftest -Wall -g -O2 -I/usr/include/SDL -D_REENTRANT  -I/usr/include/SDL -D_REENTRANT  conftest.c -lSDL_image   -L/usr/lib -lSDL -lpthread >&5
configure:7073: $? = 0
configure:7076: test -z 			 || test ! -s conftest.err
configure:7079: $? = 0
configure:7082: test -s conftest
configure:7085: $? = 0
configure:7098: result: yes
configure:7118: checking for Mix_OpenAudio in -lSDL_mixer
configure:7148: i486-linux-gnu-gcc -o conftest -Wall -g -O2 -I/usr/include/SDL -D_REENTRANT  -I/usr/include/SDL -D_REENTRANT  conftest.c -lSDL_mixer  -lSDL_image  -L/usr/lib -lSDL -lpthread -lSDL_image >&5
configure:7154: $? = 0
configure:7157: test -z 			 || test ! -s conftest.err
configure:7160: $? = 0
configure:7163: test -s conftest
configure:7166: $? = 0
configure:7179: result: yes
configure:7199: checking for TTF_OpenFont in -lSDL_ttf
configure:7229: i486-linux-gnu-gcc -o conftest -Wall -g -O2 -I/usr/include/SDL -D_REENTRANT  -I/usr/include/SDL -D_REENTRANT  conftest.c -lSDL_ttf  -lSDL_mixer -lSDL_image  -L/usr/lib -lSDL -lpthread -lSDL_image -lSDL_mixer >&5
configure:7235: $? = 0
configure:7238: test -z 			 || test ! -s conftest.err
configure:7241: $? = 0
configure:7244: test -s conftest
configure:7247: $? = 0
configure:7260: result: yes
configure:7290: checking for rotozoomSurfaceXY in -lSDL_gfx
configure:7320: i486-linux-gnu-gcc -o conftest -Wall -g -O2 -I/usr/include/SDL -D_REENTRANT  -I/usr/include/SDL -D_REENTRANT  conftest.c -lSDL_gfx  -lSDL_ttf -lSDL_mixer -lSDL_image  -L/usr/lib -lSDL -lpthread -lSDL_image -lSDL_mixer -lSDL_ttf >&5
configure:7326: $? = 0
configure:7329: test -z 			 || test ! -s conftest.err
configure:7332: $? = 0
configure:7335: test -s conftest
configure:7338: $? = 0
configure:7351: result: yes
configure:7367: checking for egrep
configure:7377: result: grep -E
configure:7382: checking for ANSI C header files
configure:7407: i486-linux-gnu-gcc -c -Wall -g -O2 -I/usr/include/SDL -D_REENTRANT  -I/usr/include/SDL -D_REENTRANT conftest.c >&5
configure:7413: $? = 0
configure:7416: test -z 			 || test ! -s conftest.err
configure:7419: $? = 0
configure:7422: test -s conftest.o
configure:7425: $? = 0
configure:7514: i486-linux-gnu-gcc -o conftest -Wall -g -O2 -I/usr/include/SDL -D_REENTRANT  -I/usr/include/SDL -D_REENTRANT  conftest.c -lSDL_gfx -lSDL_ttf -lSDL_mixer -lSDL_image  -L/usr/lib -lSDL -lpthread -lSDL_image -lSDL_mixer -lSDL_ttf >&5
conftest.c: In function 'main':
conftest.c:38: warning: implicit declaration of function 'exit'
conftest.c:38: warning: incompatible implicit declaration of built-in function 'exit'
configure:7517: $? = 0
configure:7519: ./conftest
configure:7522: $? = 0
configure:7537: result: yes
configure:7561: checking for sys/types.h
configure:7577: i486-linux-gnu-gcc -c -Wall -g -O2 -I/usr/include/SDL -D_REENTRANT  -I/usr/include/SDL -D_REENTRANT conftest.c >&5
configure:7583: $? = 0
configure:7586: test -z 			 || test ! -s conftest.err
configure:7589: $? = 0
configure:7592: test -s conftest.o
configure:7595: $? = 0
configure:7606: result: yes
configure:7561: checking for sys/stat.h
configure:7577: i486-linux-gnu-gcc -c -Wall -g -O2 -I/usr/include/SDL -D_REENTRANT  -I/usr/include/SDL -D_REENTRANT conftest.c >&5
configure:7583: $? = 0
configure:7586: test -z 			 || test ! -s conftest.err
configure:7589: $? = 0
configure:7592: test -s conftest.o
configure:7595: $? = 0
configure:7606: result: yes
configure:7561: checking for stdlib.h
configure:7577: i486-linux-gnu-gcc -c -Wall -g -O2 -I/usr/include/SDL -D_REENTRANT  -I/usr/include/SDL -D_REENTRANT conftest.c >&5
configure:7583: $? = 0
configure:7586: test -z 			 || test ! -s conftest.err
configure:7589: $? = 0
configure:7592: test -s conftest.o
configure:7595: $? = 0
configure:7606: result: yes
configure:7561: checking for string.h
configure:7577: i486-linux-gnu-gcc -c -Wall -g -O2 -I/usr/include/SDL -D_REENTRANT  -I/usr/include/SDL -D_REENTRANT conftest.c >&5
configure:7583: $? = 0
configure:7586: test -z 			 || test ! -s conftest.err
configure:7589: $? = 0
configure:7592: test -s conftest.o
configure:7595: $? = 0
configure:7606: result: yes
configure:7561: checking for memory.h
configure:7577: i486-linux-gnu-gcc -c -Wall -g -O2 -I/usr/include/SDL -D_REENTRANT  -I/usr/include/SDL -D_REENTRANT conftest.c >&5
configure:7583: $? = 0
configure:7586: test -z 			 || test ! -s conftest.err
configure:7589: $? = 0
configure:7592: test -s conftest.o
configure:7595: $? = 0
configure:7606: result: yes
configure:7561: checking for strings.h
configure:7577: i486-linux-gnu-gcc -c -Wall -g -O2 -I/usr/include/SDL -D_REENTRANT  -I/usr/include/SDL -D_REENTRANT conftest.c >&5
configure:7583: $? = 0
configure:7586: test -z 			 || test ! -s conftest.err
configure:7589: $? = 0
configure:7592: test -s conftest.o
configure:7595: $? = 0
configure:7606: result: yes
configure:7561: checking for inttypes.h
configure:7577: i486-linux-gnu-gcc -c -Wall -g -O2 -I/usr/include/SDL -D_REENTRANT  -I/usr/include/SDL -D_REENTRANT conftest.c >&5
configure:7583: $? = 0
configure:7586: test -z 			 || test ! -s conftest.err
configure:7589: $? = 0
configure:7592: test -s conftest.o
configure:7595: $? = 0
configure:7606: result: yes
configure:7561: checking for stdint.h
configure:7577: i486-linux-gnu-gcc -c -Wall -g -O2 -I/usr/include/SDL -D_REENTRANT  -I/usr/include/SDL -D_REENTRANT conftest.c >&5
configure:7583: $? = 0
configure:7586: test -z 			 || test ! -s conftest.err
configure:7589: $? = 0
configure:7592: test -s conftest.o
configure:7595: $? = 0
configure:7606: result: yes
configure:7561: checking for unistd.h
configure:7577: i486-linux-gnu-gcc -c -Wall -g -O2 -I/usr/include/SDL -D_REENTRANT  -I/usr/include/SDL -D_REENTRANT conftest.c >&5
configure:7583: $? = 0
configure:7586: test -z 			 || test ! -s conftest.err
configure:7589: $? = 0
configure:7592: test -s conftest.o
configure:7595: $? = 0
configure:7606: result: yes
configure:7632: checking SDL_rotozoom.h usability
configure:7644: i486-linux-gnu-gcc -c -Wall -g -O2 -I/usr/include/SDL -D_REENTRANT  -I/usr/include/SDL -D_REENTRANT conftest.c >&5
configure:7650: $? = 0
configure:7653: test -z 			 || test ! -s conftest.err
configure:7656: $? = 0
configure:7659: test -s conftest.o
configure:7662: $? = 0
configure:7672: result: yes
configure:7676: checking SDL_rotozoom.h presence
configure:7686: i486-linux-gnu-gcc -E  -I/usr/include/SDL -D_REENTRANT conftest.c
configure:7692: $? = 0
configure:7712: result: yes
configure:7747: checking for SDL_rotozoom.h
configure:7754: result: yes
configure:7800: checking for pkg-config
configure:7818: found /usr/bin/pkg-config
configure:7830: result: /usr/bin/pkg-config
configure:7850: checking for libxml++
configure:7854: result: yes
configure:7879: checking for dirent.h that defines DIR
configure:7903: i486-linux-gnu-gcc -c -Wall -g -O2 -I/usr/include/SDL -D_REENTRANT -I/usr/include/libxml++-2.6 -I/usr/include/libxml2 -I/usr/include/glibmm-2.4 -I/usr/lib/glibmm-2.4/include -I/usr/include/sigc++-2.0 -I/usr/lib/sigc++-2.0/include -I/usr/include/glib-2.0 -I/usr/lib/glib-2.0/include    -I/usr/include/SDL -D_REENTRANT conftest.c >&5
configure:7909: $? = 0
configure:7912: test -z 			 || test ! -s conftest.err
configure:7915: $? = 0
configure:7918: test -s conftest.o
configure:7921: $? = 0
configure:7932: result: yes
configure:7945: checking for library containing opendir
configure:7975: i486-linux-gnu-gcc -o conftest -Wall -g -O2 -I/usr/include/SDL -D_REENTRANT -I/usr/include/libxml++-2.6 -I/usr/include/libxml2 -I/usr/include/glibmm-2.4 -I/usr/lib/glibmm-2.4/include -I/usr/include/sigc++-2.0 -I/usr/lib/sigc++-2.0/include -I/usr/include/glib-2.0 -I/usr/lib/glib-2.0/include    -I/usr/include/SDL -D_REENTRANT  conftest.c -lSDL_gfx -lSDL_ttf -lSDL_mixer -lSDL_image  -L/usr/lib -lSDL -lpthread -lSDL_image -lSDL_mixer -lSDL_ttf -lSDL_gfx -lxml++-2.6 -lxml2 -lz -lm -lglibmm-2.4 -lgobject-2.0 -lsigc-2.0 -lglib-2.0   >&5
configure:7981: $? = 0
configure:7984: test -z 			 || test ! -s conftest.err
configure:7987: $? = 0
configure:7990: test -s conftest
configure:7993: $? = 0
configure:8062: result: none required
configure:8196: checking for ANSI C header files
configure:8351: result: yes
configure:8403: checking for msgfmt
configure:8435: result: /usr/bin/msgfmt
configure:8444: checking for gmsgfmt
configure:8475: result: /usr/bin/msgfmt
configure:8514: checking for xgettext
configure:8546: result: /usr/bin/xgettext
configure:8586: checking for msgmerge
configure:8617: result: /usr/bin/msgmerge
configure:8813: creating ./config.status

## ---------------------- ##
## Running config.status. ##
## ---------------------- ##

This file was extended by Wormux config.status 0.7beta3, which was
generated by GNU Autoconf 2.59.  Invocation command line was

  CONFIG_FILES    = 
  CONFIG_HEADERS  = 
  CONFIG_LINKS    = 
  CONFIG_COMMANDS = 
  $ ./config.status 

on paralapoz.irisa.fr

config.status:796: creating Makefile
config.status:796: creating data/Makefile
config.status:796: creating src/Makefile
config.status:796: creating po/Makefile
config.status:1081: creating src/config.h
config.status:1387: executing default-1 commands
config.status:1387: executing depfiles commands
config.status:1387: executing default-2 commands
configure:10614: result:

Configuration complete

* Game data will be installed into PREFIX/games/wormux
* Game locale will be installed into PREFIX/locale

Execute make to compile then execute make install to install...



## ---------------- ##
## Cache variables. ##
## ---------------- ##

ac_cv_build=i486-pc-linux-gnu
ac_cv_build_alias=i486-linux-gnu
ac_cv_c_compiler_gnu=yes
ac_cv_cflags_warn_all=-Wall
ac_cv_cxx_compiler_gnu=yes
ac_cv_env_CC_set=
ac_cv_env_CC_value=
ac_cv_env_CFLAGS_set=set
ac_cv_env_CFLAGS_value='-Wall -g -O2'
ac_cv_env_CPPFLAGS_set=
ac_cv_env_CPPFLAGS_value=
ac_cv_env_CPP_set=
ac_cv_env_CPP_value=
ac_cv_env_CXXFLAGS_set=
ac_cv_env_CXXFLAGS_value=
ac_cv_env_CXX_set=
ac_cv_env_CXX_value=
ac_cv_env_LDFLAGS_set=
ac_cv_env_LDFLAGS_value=
ac_cv_env_build_alias_set=set
ac_cv_env_build_alias_value=i486-linux-gnu
ac_cv_env_host_alias_set=set
ac_cv_env_host_alias_value=i486-linux-gnu
ac_cv_env_target_alias_set=
ac_cv_env_target_alias_value=
ac_cv_exeext=
ac_cv_header_SDL_rotozoom_h=yes
ac_cv_header_dirent_dirent_h=yes
ac_cv_header_inttypes_h=yes
ac_cv_header_memory_h=yes
ac_cv_header_stdc=yes
ac_cv_header_stdint_h=yes
ac_cv_header_stdlib_h=yes
ac_cv_header_string_h=yes
ac_cv_header_strings_h=yes
ac_cv_header_sys_stat_h=yes
ac_cv_header_sys_types_h=yes
ac_cv_header_unistd_h=yes
ac_cv_host=i486-pc-linux-gnu
ac_cv_host_alias=i486-linux-gnu
ac_cv_lib_SDL_gfx_rotozoomSurfaceXY=yes
ac_cv_lib_SDL_image_IMG_Load=yes
ac_cv_lib_SDL_mixer_Mix_OpenAudio=yes
ac_cv_lib_SDL_ttf_TTF_OpenFont=yes
ac_cv_objext=o
ac_cv_path_GMSGFMT=/usr/bin/msgfmt
ac_cv_path_MSGFMT=/usr/bin/msgfmt
ac_cv_path_MSGMERGE=/usr/bin/msgmerge
ac_cv_path_PACKAGE_CONFIG=/usr/bin/pkg-config
ac_cv_path_SDL_CONFIG=/usr/bin/sdl-config
ac_cv_path_XGETTEXT=/usr/bin/xgettext
ac_cv_path_install='/usr/bin/install -c'
ac_cv_prog_AWK=gawk
ac_cv_prog_CC=i486-linux-gnu-gcc
ac_cv_prog_CPP='i486-linux-gnu-gcc -E'
ac_cv_prog_CXX=i486-linux-gnu-g++
ac_cv_prog_cc_g=yes
ac_cv_prog_cc_stdc=
ac_cv_prog_cxx_g=yes
ac_cv_prog_cxx_present=yes
ac_cv_prog_egrep='grep -E'
ac_cv_prog_make_make_set=yes
ac_cv_search_opendir='none required'
ac_cv_target=i486-pc-linux-gnu
ac_cv_target_alias=i486-linux-gnu
acl_cv_path_LD=/usr/bin/ld
acl_cv_prog_gnu_ld=yes
acl_cv_rpath=done
am_cv_CC_dependencies_compiler_type=gcc3
am_cv_CXX_dependencies_compiler_type=gcc3
gt_cv_func_CFLocaleCopyCurrent=no
gt_cv_func_CFPreferencesCopyAppValue=no
gt_cv_func_gnugettext1_libc=yes

## ----------------- ##
## Output variables. ##
## ----------------- ##

ACLOCAL='${SHELL} /home/jparpail/Projets/wormux/wormux-0.7beta3/missing --run aclocal-1.9'
AMDEPBACKSLASH='\'
AMDEP_FALSE='#'
AMDEP_TRUE=''
AMTAR='${SHELL} /home/jparpail/Projets/wormux/wormux-0.7beta3/missing --run tar'
AUTOCONF='${SHELL} /home/jparpail/Projets/wormux/wormux-0.7beta3/missing --run autoconf'
AUTOHEADER='${SHELL} /home/jparpail/Projets/wormux/wormux-0.7beta3/missing --run autoheader'
AUTOMAKE='${SHELL} /home/jparpail/Projets/wormux/wormux-0.7beta3/missing --run automake-1.9'
AWK='gawk'
CC='i486-linux-gnu-gcc'
CCDEPMODE='depmode=gcc3'
CFLAGS='-Wall -g -O2 -I/usr/include/SDL -D_REENTRANT -I/usr/include/libxml++-2.6 -I/usr/include/libxml2 -I/usr/include/glibmm-2.4 -I/usr/lib/glibmm-2.4/include -I/usr/include/sigc++-2.0 -I/usr/lib/sigc++-2.0/include -I/usr/include/glib-2.0 -I/usr/lib/glib-2.0/include  '
CPP='i486-linux-gnu-gcc -E'
CPPFLAGS=' -I/usr/include/SDL -D_REENTRANT'
CXX='i486-linux-gnu-g++'
CXXDEPMODE='depmode=gcc3'
CXXFLAGS='-g -O2 -Wall -I/usr/include/SDL -D_REENTRANT -I/usr/include/libxml++-2.6 -I/usr/include/libxml2 -I/usr/include/glibmm-2.4 -I/usr/lib/glibmm-2.4/include -I/usr/include/sigc++-2.0 -I/usr/lib/sigc++-2.0/include -I/usr/include/glib-2.0 -I/usr/lib/glib-2.0/include  '
CYGPATH_W='echo'
DATADIR='games/wormux'
DATA_FILES='./gfx/water.png ./gfx/pointer.png ./gfx/arrow.png ./gfx/rectangle.png ./gfx/water_bottom.png ./map/mer/mer.png ./map/mer/config.xml ./map/mer/preview.jpg ./map/mer/mer-ciel.png ./map/hell/config.xml ./map/hell/preview.jpg ./map/hell/bones.png ./map/hell/hellsky.png ./map/hell/hell.png ./map/noel/config.xml ./map/noel/preview.jpg ./map/noel/nege-anim.png ./map/noel/noel.png ./map/cowland/nuage.png ./map/cowland/cowland.png ./map/cowland/config.xml ./map/cowland/preview.png ./map/cowland/cowland_bg.png ./map/arbre/arbre.png ./map/arbre/config.xml ./map/arbre/preview.jpg ./map/arbre/gland-anim.png ./map/grenouilles/grenouilles.png ./map/grenouilles/nuage.png ./map/grenouilles/config.xml ./map/grenouilles/preview.jpg ./map/grenouilles/jungle.png ./map/space/space.png ./map/space/config.xml ./map/space/preview.jpg ./map/space/lune.png ./map/prehistorik/config.xml ./map/prehistorik/preview.jpg ./map/prehistorik/prehistorik.png ./map/halloween/config.xml ./map/halloween/preview.jpg ./map/halloween/confetis.png ./map/halloween/halloween.png ./map/halloween/noir_lune.png ./map/araignee/abeille.png ./map/araignee/araignee.png ./map/araignee/config.xml ./map/araignee/preview.jpg ./map/banquise/background.png ./map/banquise/config.xml ./map/banquise/preview.jpg ./map/banquise/flocon.png ./map/banquise/banquise.png ./map/pirates/config.xml ./map/pirates/preview.jpg ./map/pirates/pirates.png ./map/pirates/islands.png ./map/libellule/libellule-bg.png ./map/libellule/config.xml ./map/libellule/preview.jpg ./map/libellule/libellule.png ./sky/bleu.png ./sky/prehistorik.png ./font/DejaVuSans.ttf ./menu/img/plus.png ./menu/img/background.png ./menu/img/background_options.png ./menu/img/down.png ./menu/img/button.png ./menu/img/arrow-right.png ./menu/img/minus.png ./menu/img/arrow-left.png ./menu/img/check.png ./menu/img/up.png ./menu/img/loading.png ./menu/img/validate.png ./menu/img/cancel.png ./skin/ver/noye.png ./skin/ver/ver-mort-douce.png ./skin/ver/config.xml ./skin/ver/mort.png ./skin/ver/ver-mort-mechante.png ./skin/ver/marche.png ./skin/ecureuil/ecureuil-jetpack.png ./skin/ecureuil/ecureuil-jump.png ./skin/ecureuil/ecu-mort.png ./skin/ecureuil/config.xml ./skin/ecureuil/ecureuil-jetpackup.png ./skin/ecureuil/ecureuil-jetpack-leftright.png ./skin/ecureuil/ecureuil-anim.png ./skin/ecureuil/ecureuil-helmet.png ./skin/escargot/escargot.png ./skin/escargot/escargot-mort.png ./skin/escargot/escargot-jump.png ./skin/escargot/escargot-fly.png ./skin/escargot/config.xml ./skin/escargot/escargot-jetpack-lr.png ./skin/escargot/escargot-jetpack-up.png ./skin/escargot/escargot-helmet.png ./skin/escargot/clope-anim.png ./skin/alien/alien_mort.png ./skin/alien/noye.png ./skin/alien/alien-jet-walk.png ./skin/alien/alien-helmet.png ./skin/alien/alien-jet-fly.png ./skin/alien/alien-jump.png ./skin/alien/alien-jet-fly-leftright.png ./skin/alien/config.xml ./skin/alien/alien.png ./skin/alien/alien-jet-fly-move.png ./skin/alien/alien-anim.png ./skin/wilberteam/fall.png ./skin/wilberteam/config.xml ./skin/wilberteam/animation.png ./skin/wilberteam/dead.png ./skin/wilberteam/jump.png ./skin/wilberteam/walking.png ./skin/wilberteam/drowned.png ./skin/wilberteam/jetpack-fly-move.png ./skin/wilberteam/helmet.png ./skin/wilberteam/jetpack-fly.png ./skin/wilberteam/jetpack-walk.png ./skin/tuxteam/fall.png ./skin/tuxteam/config.xml ./skin/tuxteam/animation.png ./skin/tuxteam/dead.png ./skin/tuxteam/jump.png ./skin/tuxteam/walking.png ./skin/tuxteam/drowned.png ./skin/tuxteam/jetpack-fly-move.png ./skin/tuxteam/helmet.png ./skin/tuxteam/jetpack-fly.png ./skin/tuxteam/jetpack-walk.png ./skin/gnuteam/fall.png ./skin/gnuteam/config.xml ./skin/gnuteam/animation.png ./skin/gnuteam/dead.png ./skin/gnuteam/jump.png ./skin/gnuteam/walking.png ./skin/gnuteam/drowned.png ./skin/gnuteam/jetpack-fly-move.png ./skin/gnuteam/helmet.png ./skin/gnuteam/jetpack-fly.png ./skin/gnuteam/jetpack-walk.png ./skin/poulpe/poulpe-mort.png ./skin/poulpe/poulpe-jump.png ./skin/poulpe/noye.png ./skin/poulpe/poulpe-helmet.png ./skin/poulpe/breathe.png ./skin/poulpe/poulpe-jp-lr.png ./skin/poulpe/poulpe-jp.png ./skin/poulpe/config.xml ./skin/poulpe/poulpe-jp-up.png ./skin/poulpe/poulpe-anim.png ./skin/poulpe/poulpe-gratte-anim.png ./skin/flament_rose/flament-yeux.png ./skin/flament_rose/flament-mort.png ./skin/flament_rose/flament-jump.png ./skin/flament_rose/config.xml ./skin/flament_rose/flament-anim-helmet.png ./skin/flament_rose/flament-jp.png ./skin/flament_rose/flament-jp-lr.png ./skin/flament_rose/flament-anim.png ./skin/flament_rose/flament-jp-up.png ./skin/firefoxteam/fall.png ./skin/firefoxteam/config.xml ./skin/firefoxteam/animation.png ./skin/firefoxteam/dead.png ./skin/firefoxteam/jump.png ./skin/firefoxteam/walking.png ./skin/firefoxteam/drowned.png ./skin/firefoxteam/jetpack-fly-move.png ./skin/firefoxteam/helmet.png ./skin/firefoxteam/jetpack-fly.png ./skin/firefoxteam/jetpack-walk.png ./skin/konqiteam/fall.png ./skin/konqiteam/config.xml ./skin/konqiteam/animation.png ./skin/konqiteam/dead.png ./skin/konqiteam/jump.png ./skin/konqiteam/walking.png ./skin/konqiteam/drowned.png ./skin/konqiteam/jetpack-fly-move.png ./skin/konqiteam/helmet.png ./skin/konqiteam/jetpack-fly.png ./skin/konqiteam/jetpack-walk.png ./team/ver/team.xml ./team/ver/flag.png ./team/nuts/team.xml ./team/nuts/flag.png ./team/escargot/team.xml ./team/escargot/flag.png ./team/alien/team.xml ./team/alien/flag.png ./team/wilberteam/team.xml ./team/wilberteam/flag.png ./team/gnuteam/team.xml ./team/gnuteam/flag.png ./team/poulpe/team.xml ./team/poulpe/flag.png ./team/firefoxteam/team.xml ./team/firefoxteam/flag.png ./team/pink_floyd/team.xml ./team/pink_floyd/flag.png ./graphism.xml ./sound/default/uuh_01.ogg ./sound/default/uuh_02.ogg ./sound/default/uuh_03.ogg ./sound/default/uuh_04.ogg ./sound/default/uuh_05.ogg ./sound/default/uuh_06.ogg ./sound/default/uuh_07.ogg ./sound/default/uuh_08.ogg ./sound/default/crazy_01.ogg ./sound/default/crazy_02.ogg ./sound/default/crazy_03.ogg ./sound/default/crazy_04.ogg ./sound/default/crazy_05.ogg ./sound/default/death_01.ogg ./sound/default/death_02.ogg ./sound/default/hop_01.ogg ./sound/default/superjump_01.ogg ./sound/default/sink.ogg ./sound/default/step_01.ogg ./sound/default/step_02.ogg ./sound/default/suicide_01.ogg ./sound/default/profile.xml ./sound/default/out_01.ogg ./sound/default/cuss_01.ogg ./sound/default/cuss_02.ogg ./sound/default/cuss_03.ogg ./sound/default/cuss_04.ogg ./sound/default/skip_turn.ogg ./sound/default/fire_01.ogg ./sound/default/fire_02.ogg ./sound/default/hehe.ogg ./sound/share/menu/ok.ogg ./sound/share/menu/clic.ogg ./sound/share/menu/cancel.ogg ./sound/share/explosion.ogg ./sound/share/victory.ogg ./sound/share/profile.xml ./sound/share/step.ogg ./sound/share/frog_music.ogg ./sound/share/end_turn.ogg ./sound/share/laughing.ogg ./sound/flying/profile.xml ./sound/flying/flying.ogg ./sound/francais/crazy.ogg ./sound/francais/profile.xml ./sound/francais/fire_01.ogg ./sound/francais/fire_02.ogg ./weapons.xml ./authors.xml ./object/bonus_box.png ./object/smoke.png ./object/fire.png ./object/smoke2.png ./object/star.png ./wormux-32.xpm ./weapon/grenade_hole.png ./weapon/clusterbomb_ico.png ./weapon/suicide_hole.png ./weapon/teleportation.png ./weapon/ninjanode.png ./weapon/gnu_ico.png ./weapon/corde_ninja_ico.png ./weapon/bazooka_impact.png ./weapon/marteau_piqueur.png ./weapon/sound/holly_grenade_bounce.ogg ./weapon/sound/pistolet.ogg ./weapon/sound/teleport_start.ogg ./weapon/sound/baseball.ogg ./weapon/sound/alleluia.ogg ./weapon/sound/dynamite.ogg ./weapon/sound/dynamite_fuze.ogg ./weapon/sound/grenade_bounce.ogg ./weapon/sound/load.ogg ./weapon/sound/jetpack.ogg ./weapon/sound/gun.ogg ./weapon/sound/teleport_land.ogg ./weapon/sound/mine_beep.ogg ./weapon/sound/uzi.ogg ./weapon/sound/dynamite_exp.ogg ./weapon/sound/commit_suicide.ogg ./weapon/mine_impact.png ./weapon/suicide.png ./weapon/parachute_ico.png ./weapon/supertux.png ./weapon/uzi_impact.png ./weapon/clusterbomb.png ./weapon/suicide_ico.png ./weapon/gun_impact.png ./weapon/baseball_ico.png ./weapon/missile.png ./weapon/airhammer_impact.png ./weapon/skipturn_ico.png ./weapon/air_attack.png ./weapon/gun_bullet.png ./weapon/cluster.png ./weapon/mine_ico.png ./weapon/uzi_ico.png ./weapon/baseball.png ./weapon/baz_cible.png ./weapon/bazooka_explosion.png ./weapon/gnulauncher.png ./weapon/bazooka_auto_ico.png ./weapon/mine_anim.png ./weapon/dynamite/explosion.png ./weapon/dynamite/icon.png ./weapon/dynamite/hole.png ./weapon/dynamite/animation.png ./weapon/dynamite/weapon.png ./weapon/holly_grenade_ico.png ./weapon/teleport_ico.png ./weapon/mine.png ./weapon/lowgrav_ico.png ./weapon/gnu.png ./weapon/bazooka.png ./weapon/bazooka_ico.png ./weapon/jet_pack_ico.png ./weapon/ninjahook.png ./weapon/supertux_ico.png ./weapon/gun.png ./weapon/air_attack_ico.png ./weapon/mine_projectile.png ./weapon/ninjarope_ico.png ./weapon/parachute.png ./weapon/uzi.png ./weapon/grenade_ico.png ./weapon/skipturn.png ./weapon/gun_ico.png ./weapon/obus.png ./weapon/grenade.png ./weapon/marteau_piqueur_ico.png ./weapon/holly_grenade.png ./weapon/superman.png ./weapon/push_ico.png ./weapon/air_attack_plane.png ./interface/Grey-Button.png ./interface/weapons_menu.png ./interface/compteur.png ./interface/game_menu.png ./interface/button1.png ./interface/button2.png ./interface/button3.png ./interface/button4.png ./interface/button5.png ./wormux-128.xpm ./game_mode/old.xml ./game_mode/classic.xml'
DEFS='-DHAVE_CONFIG_H'
DEPDIR='.deps'
ECHO_C=''
ECHO_N='-n'
ECHO_T=''
EGREP='grep -E'
EXEEXT=''
GCC_FALSE='#'
GCC_TRUE=''
GMSGFMT='/usr/bin/msgfmt'
INCLUDEDINTL_FALSE=''
INCLUDEDINTL_TRUE='#'
INSTALL_DATA='${INSTALL} -m 644'
INSTALL_PROGRAM='${INSTALL}'
INSTALL_SCRIPT='${INSTALL}'
INSTALL_STRIP_PROGRAM='${SHELL} $(install_sh) -c -s'
INTLLIBS=''
INTL_MACOSX_LIBS=''
LDFLAGS=''
LIBICONV='-liconv'
LIBINTL=''
LIBOBJS=''
LIBS='-lSDL_gfx -lSDL_ttf -lSDL_mixer -lSDL_image  -L/usr/lib -lSDL -lpthread -lSDL_image -lSDL_mixer -lSDL_ttf -lSDL_gfx -lxml++-2.6 -lxml2 -lz -lm -lglibmm-2.4 -lgobject-2.0 -lsigc-2.0 -lglib-2.0  '
LOCALEDIR='locale'
LTLIBICONV='-liconv'
LTLIBINTL=''
LTLIBOBJS=''
MAINT='#'
MAINTAINER_MODE_FALSE=''
MAINTAINER_MODE_TRUE='#'
MAKEINFO='${SHELL} /home/jparpail/Projets/wormux/wormux-0.7beta3/missing --run makeinfo'
MKINSTALLDIRS='$(top_builddir)/./mkinstalldirs'
MSGFMT='/usr/bin/msgfmt'
MSGMERGE='/usr/bin/msgmerge'
OBJEXT='o'
PACKAGE='wormux'
PACKAGE_BUGREPORT='wormux-dev@gna.org'
PACKAGE_CONFIG='/usr/bin/pkg-config'
PACKAGE_NAME='Wormux'
PACKAGE_STRING='Wormux 0.7beta3'
PACKAGE_TARNAME='wormux'
PACKAGE_VERSION='0.7beta3'
PATH_SEPARATOR=':'
POSUB='po'
SDL_CFLAGS='-I/usr/include/SDL -D_REENTRANT'
SDL_CONFIG='/usr/bin/sdl-config'
SDL_GFX_PREFIX=''
SDL_LIBS='-L/usr/lib -lSDL -lpthread'
SET_MAKE=''
SHELL='/bin/sh'
STATIC_FALSE=''
STATIC_TRUE='#'
STRIP=''
USE_NLS='yes'
VERSION='0.7beta3'
XGETTEXT='/usr/bin/xgettext'
ac_ct_CC=''
ac_ct_CXX=''
ac_ct_STRIP=''
am__fastdepCC_FALSE='#'
am__fastdepCC_TRUE=''
am__fastdepCXX_FALSE='#'
am__fastdepCXX_TRUE=''
am__include='include'
am__leading_dot='.'
am__quote=''
am__tar='${AMTAR} chof - "$$tardir"'
am__untar='${AMTAR} xf -'
bindir='${exec_prefix}/bin'
build='i486-pc-linux-gnu'
build_alias='i486-linux-gnu'
build_cpu='i486'
build_os='linux-gnu'
build_vendor='pc'
cxx_present='yes'
datadir='${prefix}/share'
exec_prefix='${prefix}'
host='i486-pc-linux-gnu'
host_alias='i486-linux-gnu'
host_cpu='i486'
host_os='linux-gnu'
host_vendor='pc'
includedir='${prefix}/include'
infodir='${prefix}/share/info'
install_sh='/home/jparpail/Projets/wormux/wormux-0.7beta3/install-sh'
libdir='${exec_prefix}/lib'
libexecdir='${exec_prefix}/libexec'
localstatedir='${prefix}/var'
mandir='${prefix}/share/man'
mkdir_p='mkdir -p --'
oldincludedir='/usr/include'
prefix='/usr'
program_transform_name='s,x,x,'
sbindir='${exec_prefix}/sbin'
sharedstatedir='${prefix}/com'
sysconfdir='${prefix}/etc'
target='i486-pc-linux-gnu'
target_alias=''
target_cpu='i486'
target_os='linux-gnu'
target_vendor='pc'

## ----------- ##
## confdefs.h. ##
## ----------- ##

#define ENABLE_NLS 1
#define HAVE_DCGETTEXT 1
#define HAVE_DIRENT_H 1
#define HAVE_GETTEXT 1
#define HAVE_INTTYPES_H 1
#define HAVE_LIBSDL_GFX 1
#define HAVE_LIBSDL_IMAGE 1
#define HAVE_LIBSDL_MIXER 1
#define HAVE_LIBSDL_TTF 1
#define HAVE_MEMORY_H 1
#define HAVE_SDL_ROTOZOOM_H 1
#define HAVE_STDINT_H 1
#define HAVE_STDLIB_H 1
#define HAVE_STRINGS_H 1
#define HAVE_STRING_H 1
#define HAVE_SYS_STAT_H 1
#define HAVE_SYS_TYPES_H 1
#define HAVE_UNISTD_H 1
#define PACKAGE "wormux"
#define PACKAGE_BUGREPORT "wormux-dev@gna.org"
#define PACKAGE_NAME "Wormux"
#define PACKAGE_STRING "Wormux 0.7beta3"
#define PACKAGE_TARNAME "wormux"
#define PACKAGE_VERSION "0.7beta3"
#define STDC_HEADERS 1
#define STDC_HEADERS 1
#define VERSION "0.7beta3"
#endif
#ifdef __cplusplus
extern "C" void std::exit (int) throw (); using std::exit;

configure: exit 0
